<?xml version="1.0" encoding="UTF-8"?>
<!-- Generated by org.testng.reporters.JUnitReportReporter -->
<testsuite skipped="0" hostname="KRK1-LDL-P90132" name="com.futuresimple.app.testcases.LoginPageTest" tests="2" failures="0" timestamp="10 Dec 2019 21:38:52 GMT" time="50.537" errors="0">
  <testcase name="createLeadTest" time="20.664" classname="com.futuresimple.app.testcases.LoginPageTest"/>
  <testcase name="changeLeadStatusInSettings" time="29.873" classname="com.futuresimple.app.testcases.LoginPageTest"/>
</testsuite> <!-- com.futuresimple.app.testcases.LoginPageTest -->
